4.981616240928010666e+04
6.178904737898560415e+04
5.064719956839190854e+04
5.020737846008561610e+04
4.966311507260980579e+04
6.215617795639639371e+04
4.966284283581170894e+04
5.008747118742243765e+04
6.012668157171885832e+04
4.966668072525101888e+04
4.995560512608391582e+04
5.005864775123588333e+04
6.197439068162234616e+04
6.201370352403750439e+04
6.167576604507736192e+04
5.003746703508029896e+04
5.517033499697431398e+04
4.981654847934879945e+04
6.462691043067906867e+04
5.000445772305459832e+04
4.970421517856329592e+04
5.055579698365571676e+04
4.966786413501143397e+04
5.816336282792973361e+04
6.431320768003725243e+04
4.983553335488359153e+04
6.127573620049537567e+04
5.053763609640832146e+04
6.085117569929482852e+04
4.968022801033392898e+04
5.044027812405771692e+04
5.000649857889182022e+04
5.266626060904539190e+04
5.008551435128976300e+04
4.972116150372699485e+04
5.867809281296093832e+04
4.982336100927844382e+04
4.966347035800701997e+04
6.232699290222702257e+04
6.249061217984242830e+04
5.079761599874545209e+04
5.273645553885583649e+04
4.978955465957747219e+04
6.337576114324571972e+04
4.966889877331279422e+04
4.967157774962079566e+04
6.222034991980281484e+04
4.979678494737736764e+04
4.981997762568919279e+04
6.266960434213819826e+04
